<?xml version="1.0" encoding="UTF-8"?>
<!-- Generated by org.testng.reporters.JUnitReportReporter -->
<testsuite hostname="VDO186.local" name="com.Vdopia.portal.RunPortalSuite" tests="1" failures="0" timestamp="20 Sep 2016 17:01:19 GMT" time="65.907" errors="0">
  <testcase name="readTCSheet" time="65.907" classname="com.Vdopia.portal.RunPortalSuite"/>
</testsuite> <!-- com.Vdopia.portal.RunPortalSuite -->
